<?xml version="1.0" encoding="UTF-8"?>
<!-- Generated by org.testng.reporters.JUnitReportReporter -->
<testsuite hostname="jhonesLG" failures="0" tests="1" name="com.orangehrmlive.demo.testsuite.ForgotPasswordTest" time="3.960" errors="0" timestamp="2022-12-12T16:24:30 GMT" skipped="0">
  <testcase classname="com.orangehrmlive.demo.testsuite.ForgotPasswordTest" name="userShouldNavigateToForgotPasswordPageSuccessfully" time="3.960"/>
  <system-out>
    <![CDATA[Clicking on forgot password link
User gets error message]]>
  </system-out>
</testsuite> <!-- com.orangehrmlive.demo.testsuite.ForgotPasswordTest -->
