<?xml version="1.0" encoding="UTF-8"?>
<!-- Generated by org.testng.reporters.JUnitReportReporter -->
<testsuite hostname="jhonesLG" failures="0" tests="1" name="com.orangehrmlive.demo.testsuite.LoginPageTest" time="7.040" errors="0" timestamp="2022-12-12T16:24:30 GMT" skipped="0">
  <testcase classname="com.orangehrmlive.demo.testsuite.LoginPageTest" name="userShouldLoginSuccessfullyWithValidCredentials" time="7.040"/>
  <system-out>
    <![CDATA[Enter username Admin to email field [[ChromeDriver: chrome on WINDOWS (05864aedef755439183527a2eac3583d)] -> name: username]
Enter password admin123 to password field [[ChromeDriver: chrome on WINDOWS (05864aedef755439183527a2eac3583d)] -> name: password]
User clicks on Log In Button
User gets error message]]>
  </system-out>
</testsuite> <!-- com.orangehrmlive.demo.testsuite.LoginPageTest -->
